Feb 21 15:53:47 samultra NORM - ENV[10092]: Process 4 --> chunk: 2135336
Feb 21 15:53:47 samultra NORM - ENV[10088]: Process 2 --> chunk: 2135336
Feb 21 15:53:47 samultra NORM - ENV[10086]: Process 0 --> chunk: 2135336
Feb 21 15:53:47 samultra NORM - ENV[10087]: Process 1 --> chunk: 2135336
Feb 21 15:53:47 samultra NORM - ENV[10089]: Process 3 --> chunk: 2135336
Feb 21 15:53:47 samultra NORM - MAX[10087]: Process 1 --> using 2 threads
Feb 21 15:53:47 samultra NORM - MAX[10088]: Process 2 --> using 4 threads
Feb 21 15:53:47 samultra NORM - MAX[10087]: Process 1 --> Thread 1 --> submax: 255
Feb 21 15:53:47 samultra NORM - MAX[10089]: Process 3 --> using 4 threads
Feb 21 15:53:47 samultra NORM - MAX[10087]: Process 1 --> Thread 0 --> submax: 255
Feb 21 15:53:47 samultra NORM - MAX[10087]: Process 1 --> local_max: 255
Feb 21 15:53:47 samultra NORM - MAX[10092]: Process 4 --> using 4 threads
Feb 21 15:53:47 samultra NORM - MAX[10086]: Process 0 --> using 2 threads
Feb 21 15:53:47 samultra NORM - MAX[10086]: Process 0 --> Thread 0 --> submax: 255
Feb 21 15:53:47 samultra NORM - MAX[10089]: Process 3 --> Thread 2 --> submax: 255
Feb 21 15:53:47 samultra NORM - MAX[10088]: Process 2 --> Thread 0 --> submax: 255
Feb 21 15:53:47 samultra NORM - MAX[10086]: Process 0 --> Thread 1 --> submax: 255
Feb 21 15:53:47 samultra NORM - MAX[10086]: Process 0 --> local_max: 255
Feb 21 15:53:47 samultra NORM - MAX[10088]: Process 2 --> Thread 2 --> submax: 255
Feb 21 15:53:47 samultra NORM - MAX[10088]: Process 2 --> Thread 3 --> submax: 255
Feb 21 15:53:47 samultra NORM - MAX[10089]: Process 3 --> Thread 3 --> submax: 255
Feb 21 15:53:47 samultra NORM - MAX[10088]: Process 2 --> Thread 1 --> submax: 255
Feb 21 15:53:47 samultra NORM - MAX[10088]: Process 2 --> local_max: 255
Feb 21 15:53:47 samultra NORM - MAX[10089]: Process 3 --> Thread 0 --> submax: 255
Feb 21 15:53:47 samultra NORM - MAX[10092]: Process 4 --> Thread 0 --> submax: 255
Feb 21 15:53:47 samultra NORM - MAX[10092]: Process 4 --> Thread 2 --> submax: 255
Feb 21 15:53:47 samultra NORM - MAX[10092]: Process 4 --> Thread 1 --> submax: 255
Feb 21 15:53:47 samultra NORM - MAX[10092]: Process 4 --> Thread 3 --> submax: 255
Feb 21 15:53:47 samultra NORM - MAX[10092]: Process 4 --> local_max: 255
Feb 21 15:53:47 samultra NORM - MAX[10089]: Process 3 --> Thread 1 --> submax: 255
Feb 21 15:53:47 samultra NORM - MAX[10089]: Process 3 --> local_max: 255
Feb 21 15:53:47 samultra NORM - MAX[10089]: Process 3 --> global_max: 255
Feb 21 15:53:47 samultra NORM - MAX[10087]: Process 1 --> global_max: 255
Feb 21 15:53:47 samultra NORM - MIN[10087]: Process 1 --> using 2 threads
Feb 21 15:53:47 samultra NORM - MIN[10089]: Process 3 --> using 4 threads
Feb 21 15:53:47 samultra NORM - MAX[10086]: Process 0 --> global_max: 255
Feb 21 15:53:47 samultra NORM - MIN[10086]: Process 0 --> using 2 threads
Feb 21 15:53:47 samultra NORM - MAX[10092]: Process 4 --> global_max: 255
Feb 21 15:53:47 samultra NORM - MIN[10092]: Process 4 --> using 4 threads
Feb 21 15:53:47 samultra NORM - MAX[10088]: Process 2 --> global_max: 255
Feb 21 15:53:47 samultra NORM - MIN[10088]: Process 2 --> using 4 threads
Feb 21 15:53:47 samultra NORM - MIN[10088]: Process 2 --> Thread 2 --> submin: 0
Feb 21 15:53:47 samultra NORM - MIN[10086]: Process 0 --> Thread 1 --> submin: 0
Feb 21 15:53:47 samultra NORM - MIN[10088]: Process 2 --> Thread 0 --> submin: 0
Feb 21 15:53:47 samultra NORM - MIN[10086]: Process 0 --> Thread 0 --> submin: 0
Feb 21 15:53:47 samultra NORM - MIN[10086]: Process 0 --> local_min: 0
Feb 21 15:53:47 samultra NORM - MIN[10087]: Process 1 --> Thread 1 --> submin: 0
Feb 21 15:53:47 samultra NORM - MIN[10088]: Process 2 --> Thread 3 --> submin: 0
Feb 21 15:53:47 samultra NORM - MIN[10092]: Process 4 --> Thread 2 --> submin: 1
Feb 21 15:53:47 samultra NORM - MIN[10092]: Process 4 --> Thread 0 --> submin: 0
Feb 21 15:53:47 samultra NORM - MIN[10089]: Process 3 --> Thread 1 --> submin: 0
Feb 21 15:53:47 samultra NORM - MIN[10087]: Process 1 --> Thread 0 --> submin: 0
Feb 21 15:53:47 samultra NORM - MIN[10087]: Process 1 --> local_min: 0
Feb 21 15:53:47 samultra NORM - MIN[10089]: Process 3 --> Thread 2 --> submin: 0
Feb 21 15:53:47 samultra NORM - MIN[10088]: Process 2 --> Thread 1 --> submin: 0
Feb 21 15:53:47 samultra NORM - MIN[10088]: Process 2 --> local_min: 0
Feb 21 15:53:47 samultra NORM - MIN[10089]: Process 3 --> Thread 0 --> submin: 0
Feb 21 15:53:47 samultra NORM - MIN[10089]: Process 3 --> Thread 3 --> submin: 0
Feb 21 15:53:47 samultra NORM - MIN[10092]: Process 4 --> Thread 3 --> submin: 0
Feb 21 15:53:47 samultra NORM - MIN[10089]: Process 3 --> local_min: 0
Feb 21 15:53:47 samultra NORM - MIN[10092]: Process 4 --> Thread 1 --> submin: 0
Feb 21 15:53:47 samultra NORM - MIN[10092]: Process 4 --> local_min: 0
Feb 21 15:53:47 samultra NORM - MIN[10092]: Process 4 --> global_min: 0
Feb 21 15:53:47 samultra NORM - MIN[10088]: Process 2 --> global_min: 0
Feb 21 15:53:47 samultra NORM - NORM[10092]: Process 4 --> using 4 threads
Feb 21 15:53:47 samultra NORM - NORM[10088]: Process 2 --> using 4 threads
Feb 21 15:53:47 samultra NORM - MIN[10089]: Process 3 --> global_min: 0
Feb 21 15:53:47 samultra NORM - NORM[10089]: Process 3 --> using 4 threads
Feb 21 15:53:47 samultra NORM - MIN[10087]: Process 1 --> global_min: 0
Feb 21 15:53:47 samultra NORM - MIN[10086]: Process 0 --> global_min: 0
Feb 21 15:53:47 samultra NORM - NORM[10087]: Process 1 --> using 2 threads
Feb 21 15:53:47 samultra NORM - NORM[10086]: Process 0 --> using 2 threads
Feb 21 15:58:47 samultra NORM[10189]: Process 0 --> Number of processes: 5
Feb 21 15:58:47 samultra NORM[10189]: Process 0 --> Starting loading
Feb 21 15:58:52 samultra NORM[10189]: Process 0 --> Loading: 4.600000s
Feb 21 15:58:52 samultra NORM - ENV[10189]: Process 0 --> chunk: 2135336
Feb 21 15:58:52 samultra NORM - ENV[10195]: Process 4 --> chunk: 2135336
Feb 21 15:58:52 samultra NORM - ENV[10191]: Process 2 --> chunk: 2135336
Feb 21 15:58:52 samultra NORM - ENV[10190]: Process 1 --> chunk: 2135336
Feb 21 15:58:52 samultra NORM - ENV[10193]: Process 3 --> chunk: 2135336
Feb 21 15:58:52 samultra NORM - MAX[10190]: Process 1 --> using 2 threads
Feb 21 15:58:52 samultra NORM - MAX[10191]: Process 2 --> using 4 threads
Feb 21 15:58:52 samultra NORM - MAX[10190]: Process 1 --> Thread 0 --> submax: 255
Feb 21 15:58:52 samultra NORM - MAX[10190]: Process 1 --> Thread 1 --> submax: 255
Feb 21 15:58:52 samultra NORM - MAX[10190]: Process 1 --> local_max: 255
Feb 21 15:58:52 samultra NORM - MAX[10193]: Process 3 --> using 4 threads
Feb 21 15:58:53 samultra NORM - MAX[10189]: Process 0 --> using 2 threads
Feb 21 15:58:53 samultra NORM - MAX[10195]: Process 4 --> using 4 threads
Feb 21 15:58:53 samultra NORM - MAX[10191]: Process 2 --> Thread 2 --> submax: 255
Feb 21 15:58:53 samultra NORM - MAX[10191]: Process 2 --> Thread 0 --> submax: 255
Feb 21 15:58:53 samultra NORM - MAX[10191]: Process 2 --> Thread 3 --> submax: 255
Feb 21 15:58:53 samultra NORM - MAX[10191]: Process 2 --> Thread 1 --> submax: 255
Feb 21 15:58:53 samultra NORM - MAX[10191]: Process 2 --> local_max: 255
Feb 21 15:58:53 samultra NORM - MAX[10189]: Process 0 --> Thread 1 --> submax: 255
Feb 21 15:58:53 samultra NORM - MAX[10189]: Process 0 --> Thread 0 --> submax: 255
Feb 21 15:58:53 samultra NORM - MAX[10189]: Process 0 --> local_max: 255
Feb 21 15:58:53 samultra NORM - MAX[10193]: Process 3 --> Thread 0 --> submax: 255
Feb 21 15:58:53 samultra NORM - MAX[10193]: Process 3 --> Thread 1 --> submax: 255
Feb 21 15:58:53 samultra NORM - MAX[10193]: Process 3 --> Thread 3 --> submax: 255
Feb 21 15:58:53 samultra NORM - MAX[10193]: Process 3 --> Thread 2 --> submax: 255
Feb 21 15:58:53 samultra NORM - MAX[10193]: Process 3 --> local_max: 255
Feb 21 15:58:53 samultra NORM - MAX[10195]: Process 4 --> Thread 2 --> submax: 255
Feb 21 15:58:53 samultra NORM - MAX[10195]: Process 4 --> Thread 0 --> submax: 255
Feb 21 15:58:53 samultra NORM - MAX[10195]: Process 4 --> Thread 1 --> submax: 255
Feb 21 15:58:53 samultra NORM - MAX[10195]: Process 4 --> Thread 3 --> submax: 255
Feb 21 15:58:53 samultra NORM - MAX[10195]: Process 4 --> local_max: 255
Feb 21 15:58:53 samultra NORM - MAX[10195]: Process 4 --> global_max: 255
Feb 21 15:58:53 samultra NORM - MAX[10193]: Process 3 --> global_max: 255
Feb 21 15:58:53 samultra NORM - MAX[10189]: Process 0 --> global_max: 255
Feb 21 15:58:53 samultra NORM - MIN[10195]: Process 4 --> using 4 threads
Feb 21 15:58:53 samultra NORM - MIN[10193]: Process 3 --> using 4 threads
Feb 21 15:58:53 samultra NORM - MAX[10190]: Process 1 --> global_max: 255
Feb 21 15:58:53 samultra NORM - MIN[10190]: Process 1 --> using 2 threads
Feb 21 15:58:53 samultra NORM - MIN[10189]: Process 0 --> using 2 threads
Feb 21 15:58:53 samultra NORM - MAX[10191]: Process 2 --> global_max: 255
Feb 21 15:58:53 samultra NORM - MIN[10191]: Process 2 --> using 4 threads
Feb 21 15:58:53 samultra NORM - MIN[10191]: Process 2 --> Thread 2 --> submin: 0
Feb 21 15:58:53 samultra NORM - MIN[10191]: Process 2 --> Thread 1 --> submin: 0
Feb 21 15:58:53 samultra NORM - MIN[10191]: Process 2 --> Thread 3 --> submin: 0
Feb 21 15:58:53 samultra NORM - MIN[10190]: Process 1 --> Thread 0 --> submin: 0
Feb 21 15:58:53 samultra NORM - MIN[10190]: Process 1 --> Thread 1 --> submin: 0
Feb 21 15:58:53 samultra NORM - MIN[10190]: Process 1 --> local_min: 0
Feb 21 15:58:53 samultra NORM - MIN[10193]: Process 3 --> Thread 2 --> submin: 0
Feb 21 15:58:53 samultra NORM - MIN[10193]: Process 3 --> Thread 3 --> submin: 0
Feb 21 15:58:53 samultra NORM - MIN[10195]: Process 4 --> Thread 1 --> submin: 0
Feb 21 15:58:53 samultra NORM - MIN[10191]: Process 2 --> Thread 0 --> submin: 0
Feb 21 15:58:53 samultra NORM - MIN[10191]: Process 2 --> local_min: 0
Feb 21 15:58:53 samultra NORM - MIN[10195]: Process 4 --> Thread 3 --> submin: 0
Feb 21 15:58:53 samultra NORM - MIN[10193]: Process 3 --> Thread 1 --> submin: 0
Feb 21 15:58:53 samultra NORM - MIN[10195]: Process 4 --> Thread 0 --> submin: 0
Feb 21 15:58:53 samultra NORM - MIN[10189]: Process 0 --> Thread 0 --> submin: 0
Feb 21 15:58:53 samultra NORM - MIN[10193]: Process 3 --> Thread 0 --> submin: 0
Feb 21 15:58:53 samultra NORM - MIN[10193]: Process 3 --> local_min: 0
Feb 21 15:58:53 samultra NORM - MIN[10189]: Process 0 --> Thread 1 --> submin: 0
Feb 21 15:58:53 samultra NORM - MIN[10195]: Process 4 --> Thread 2 --> submin: 1
Feb 21 15:58:53 samultra NORM - MIN[10189]: Process 0 --> local_min: 0
Feb 21 15:58:53 samultra NORM - MIN[10195]: Process 4 --> local_min: 0
Feb 21 15:58:53 samultra NORM - MIN[10191]: Process 2 --> global_min: 0
Feb 21 15:58:53 samultra NORM - NORM[10191]: Process 2 --> using 4 threads
Feb 21 15:58:53 samultra NORM - MIN[10189]: Process 0 --> global_min: 0
Feb 21 15:58:53 samultra NORM - MIN[10193]: Process 3 --> global_min: 0
Feb 21 15:58:53 samultra NORM - MIN[10190]: Process 1 --> global_min: 0
Feb 21 15:58:53 samultra NORM - NORM[10190]: Process 1 --> using 2 threads
Feb 21 15:58:53 samultra NORM - NORM[10193]: Process 3 --> using 4 threads
Feb 21 15:58:53 samultra NORM - NORM[10189]: Process 0 --> using 2 threads
Feb 21 15:58:53 samultra NORM - MIN[10195]: Process 4 --> global_min: 0
Feb 21 15:58:53 samultra NORM - NORM[10195]: Process 4 --> using 4 threads
Feb 21 16:06:08 samultra NORM[10367]: Process 0 --> Number of processes: 5
Feb 21 16:06:08 samultra NORM[10367]: Process 0 --> Starting loading
Feb 21 16:06:13 samultra NORM[10367]: Process 0 --> Loading: 4.580000s
Feb 21 16:06:13 samultra NORM - ENV[10367]: Process 0 --> chunk: 2135336
Feb 21 16:06:13 samultra NORM - ENV[10367]: Process 0 --> Scattering
Feb 21 16:06:13 samultra NORM - ENV[10369]: Process 2 --> chunk: 2135336
Feb 21 16:06:13 samultra NORM - ENV[10371]: Process 4 --> chunk: 2135336
Feb 21 16:06:13 samultra NORM - ENV[10371]: Process 4 --> Scattering
Feb 21 16:06:13 samultra NORM - ENV[10368]: Process 1 --> chunk: 2135336
Feb 21 16:06:13 samultra NORM - ENV[10368]: Process 1 --> Scattering
Feb 21 16:06:13 samultra NORM - ENV[10370]: Process 3 --> chunk: 2135336
Feb 21 16:06:13 samultra NORM - ENV[10370]: Process 3 --> Scattering
Feb 21 16:06:13 samultra NORM - ENV[10369]: Process 2 --> Scattering
Feb 21 16:06:13 samultra NORM - ENV[10368]: Process 1 --> Getting MAX
Feb 21 16:06:13 samultra NORM - MAX[10368]: Process 1 --> using 2 threads
Feb 21 16:06:13 samultra NORM - ENV[10369]: Process 2 --> Getting MAX
Feb 21 16:06:13 samultra NORM - MAX[10369]: Process 2 --> using 4 threads
Feb 21 16:06:13 samultra NORM - MAX[10368]: Process 1 --> Thread 1 --> submax: 255
Feb 21 16:06:13 samultra NORM - MAX[10368]: Process 1 --> Thread 0 --> submax: 255
Feb 21 16:06:13 samultra NORM - MAX[10368]: Process 1 --> local_max: 255
Feb 21 16:06:13 samultra NORM - MAX[10369]: Process 2 --> Thread 1 --> submax: 255
Feb 21 16:06:13 samultra NORM - MAX[10369]: Process 2 --> Thread 0 --> submax: 255
Feb 21 16:06:13 samultra NORM - MAX[10369]: Process 2 --> Thread 3 --> submax: 255
Feb 21 16:06:13 samultra NORM - MAX[10369]: Process 2 --> Thread 2 --> submax: 255
Feb 21 16:06:13 samultra NORM - ENV[10370]: Process 3 --> Getting MAX
Feb 21 16:06:13 samultra NORM - MAX[10370]: Process 3 --> using 4 threads
Feb 21 16:06:13 samultra NORM - MAX[10369]: Process 2 --> local_max: 255
Feb 21 16:06:13 samultra NORM - MAX[10370]: Process 3 --> Thread 0 --> submax: 255
Feb 21 16:06:13 samultra NORM - MAX[10370]: Process 3 --> Thread 3 --> submax: 255
Feb 21 16:06:13 samultra NORM - MAX[10370]: Process 3 --> Thread 2 --> submax: 255
Feb 21 16:06:13 samultra NORM - MAX[10370]: Process 3 --> Thread 1 --> submax: 255
Feb 21 16:06:13 samultra NORM - MAX[10370]: Process 3 --> local_max: 255
Feb 21 16:06:13 samultra NORM - ENV[10367]: Process 0 --> Getting MAX
Feb 21 16:06:13 samultra NORM - ENV[10371]: Process 4 --> Getting MAX
Feb 21 16:06:13 samultra NORM - MAX[10367]: Process 0 --> using 2 threads
Feb 21 16:06:13 samultra NORM - MAX[10371]: Process 4 --> using 4 threads
Feb 21 16:06:13 samultra NORM - MAX[10367]: Process 0 --> Thread 0 --> submax: 255
Feb 21 16:06:13 samultra NORM - MAX[10367]: Process 0 --> Thread 1 --> submax: 255
Feb 21 16:06:13 samultra NORM - MAX[10367]: Process 0 --> local_max: 255
Feb 21 16:06:13 samultra NORM - MAX[10371]: Process 4 --> Thread 0 --> submax: 255
Feb 21 16:06:13 samultra NORM - MAX[10371]: Process 4 --> Thread 1 --> submax: 255
Feb 21 16:06:13 samultra NORM - MAX[10371]: Process 4 --> Thread 2 --> submax: 255
Feb 21 16:06:13 samultra NORM - MAX[10371]: Process 4 --> Thread 3 --> submax: 255
Feb 21 16:06:13 samultra NORM - MAX[10371]: Process 4 --> local_max: 255
Feb 21 16:06:13 samultra NORM - MAX[10371]: Process 4 --> global_max: 255
Feb 21 16:06:13 samultra NORM - MAX[10369]: Process 2 --> global_max: 255
Feb 21 16:06:13 samultra NORM - MAX[10370]: Process 3 --> global_max: 255
Feb 21 16:06:13 samultra NORM - MAX[10371]: Process 4 --> Getting MIN
Feb 21 16:06:13 samultra NORM - MAX[10370]: Process 3 --> Getting MIN
Feb 21 16:06:13 samultra NORM - MAX[10369]: Process 2 --> Getting MIN
Feb 21 16:06:13 samultra NORM - MIN[10371]: Process 4 --> using 4 threads
Feb 21 16:06:13 samultra NORM - MIN[10370]: Process 3 --> using 4 threads
Feb 21 16:06:13 samultra NORM - MIN[10369]: Process 2 --> using 4 threads
Feb 21 16:06:13 samultra NORM - MAX[10368]: Process 1 --> global_max: 255
Feb 21 16:06:13 samultra NORM - MAX[10368]: Process 1 --> Getting MIN
Feb 21 16:06:13 samultra NORM - MIN[10368]: Process 1 --> using 2 threads
Feb 21 16:06:13 samultra NORM - MIN[10369]: Process 2 --> Thread 2 --> submin: 0
Feb 21 16:06:13 samultra NORM - MIN[10369]: Process 2 --> Thread 1 --> submin: 0
Feb 21 16:06:13 samultra NORM - MIN[10370]: Process 3 --> Thread 1 --> submin: 0
Feb 21 16:06:13 samultra NORM - MIN[10371]: Process 4 --> Thread 2 --> submin: 1
Feb 21 16:06:13 samultra NORM - MIN[10370]: Process 3 --> Thread 2 --> submin: 0
Feb 21 16:06:13 samultra NORM - MIN[10371]: Process 4 --> Thread 3 --> submin: 0
Feb 21 16:06:13 samultra NORM - MIN[10369]: Process 2 --> Thread 0 --> submin: 0
Feb 21 16:06:13 samultra NORM - MIN[10371]: Process 4 --> Thread 1 --> submin: 0
Feb 21 16:06:13 samultra NORM - MIN[10369]: Process 2 --> Thread 3 --> submin: 0
Feb 21 16:06:13 samultra NORM - MIN[10369]: Process 2 --> local_min: 0
Feb 21 16:06:13 samultra NORM - MIN[10370]: Process 3 --> Thread 3 --> submin: 0
Feb 21 16:06:13 samultra NORM - MIN[10370]: Process 3 --> Thread 0 --> submin: 0
Feb 21 16:06:13 samultra NORM - MIN[10370]: Process 3 --> local_min: 0
Feb 21 16:06:13 samultra NORM - MIN[10371]: Process 4 --> Thread 0 --> submin: 0
Feb 21 16:06:13 samultra NORM - MIN[10371]: Process 4 --> local_min: 0
Feb 21 16:06:13 samultra NORM - MIN[10368]: Process 1 --> Thread 1 --> submin: 0
Feb 21 16:06:13 samultra NORM - MAX[10367]: Process 0 --> global_max: 255
Feb 21 16:06:13 samultra NORM - MAX[10367]: Process 0 --> Getting MAX: 0.030000s
Feb 21 16:06:13 samultra NORM - MAX[10367]: Process 0 --> Getting MIN
Feb 21 16:06:13 samultra NORM - MIN[10367]: Process 0 --> using 2 threads
Feb 21 16:06:13 samultra NORM - MIN[10368]: Process 1 --> Thread 0 --> submin: 0
Feb 21 16:06:13 samultra NORM - MIN[10368]: Process 1 --> local_min: 0
Feb 21 16:06:13 samultra NORM - MIN[10367]: Process 0 --> Thread 0 --> submin: 0
Feb 21 16:06:13 samultra NORM - MIN[10367]: Process 0 --> Thread 1 --> submin: 0
Feb 21 16:06:13 samultra NORM - MIN[10367]: Process 0 --> local_min: 0
Feb 21 16:06:13 samultra NORM - MIN[10368]: Process 1 --> global_min: 0
Feb 21 16:06:13 samultra NORM - MIN[10368]: Process 1 --> Normalizing and Gathering
Feb 21 16:06:13 samultra NORM - NORM[10368]: Process 1 --> using 2 threads
Feb 21 16:06:13 samultra NORM - MIN[10370]: Process 3 --> global_min: 0
Feb 21 16:06:13 samultra NORM - MIN[10370]: Process 3 --> Normalizing and Gathering
Feb 21 16:06:13 samultra NORM - NORM[10370]: Process 3 --> using 4 threads
Feb 21 16:06:13 samultra NORM - MIN[10369]: Process 2 --> global_min: 0
Feb 21 16:06:13 samultra NORM - MIN[10371]: Process 4 --> global_min: 0
Feb 21 16:06:13 samultra NORM - MIN[10369]: Process 2 --> Normalizing and Gathering
Feb 21 16:06:13 samultra NORM - MIN[10371]: Process 4 --> Normalizing and Gathering
Feb 21 16:06:13 samultra NORM - NORM[10369]: Process 2 --> using 4 threads
Feb 21 16:06:13 samultra NORM - NORM[10371]: Process 4 --> using 4 threads
Feb 21 16:06:13 samultra NORM - MIN[10367]: Process 0 --> global_min: 0
Feb 21 16:06:13 samultra NORM - MIN[10367]: Process 0 --> Getting MIN: 0.020000s
Feb 21 16:06:13 samultra NORM - MIN[10367]: Process 0 --> Normalizing and Gathering
Feb 21 16:06:13 samultra NORM - NORM[10367]: Process 0 --> using 2 threads
Feb 21 16:06:13 samultra NORM - NORM[10367]: Process 0 --> Normalizing: 0.050000s
Feb 21 16:06:13 samultra NORM - NORM[10367]: Process 0 --> Storing
Feb 21 16:06:18 samultra NORM - NORM[10367]: Process 0 --> Storing: 4.040000s
Feb 21 16:06:18 samultra NORM - NORM[10367]: Ended
Feb 21 16:09:19 samultra NORM[10464]: Process 0 --> Number of processes: 5
Feb 21 16:09:19 samultra NORM[10464]: Process 0 --> Starting loading
Feb 21 16:09:24 samultra NORM[10464]: Process 0 --> Loading: 4.610000s
Feb 21 16:09:24 samultra NORM - ENV[10464]: Process 0 --> chunk: 2135336
Feb 21 16:09:24 samultra NORM[10464]: Process 0 --> Scattering
Feb 21 16:09:24 samultra NORM - ENV[10466]: Process 2 --> chunk: 2135336
Feb 21 16:09:24 samultra NORM - ENV[10465]: Process 1 --> chunk: 2135336
Feb 21 16:09:24 samultra NORM[10465]: Process 1 --> Scattering
Feb 21 16:09:24 samultra NORM[10466]: Process 2 --> Scattering
Feb 21 16:09:24 samultra NORM - ENV[10467]: Process 3 --> chunk: 2135336
Feb 21 16:09:24 samultra NORM[10467]: Process 3 --> Scattering
Feb 21 16:09:24 samultra NORM - ENV[10471]: Process 4 --> chunk: 2135336
Feb 21 16:09:24 samultra NORM[10471]: Process 4 --> Scattering
Feb 21 16:09:24 samultra NORM[10465]: Process 1 --> Getting MAX
Feb 21 16:09:24 samultra NORM - MAX[10465]: Process 1 --> using 2 threads
Feb 21 16:09:24 samultra NORM[10466]: Process 2 --> Getting MAX
Feb 21 16:09:24 samultra NORM - MAX[10466]: Process 2 --> using 4 threads
Feb 21 16:09:24 samultra NORM - MAX[10465]: Process 1 --> Thread 1 --> submax: 255
Feb 21 16:09:24 samultra NORM - MAX[10465]: Process 1 --> Thread 0 --> submax: 255
Feb 21 16:09:24 samultra NORM - MAX[10465]: Process 1 --> local_max: 255
Feb 21 16:09:24 samultra NORM[10467]: Process 3 --> Getting MAX
Feb 21 16:09:24 samultra NORM - MAX[10467]: Process 3 --> using 4 threads
Feb 21 16:09:24 samultra NORM[10464]: Process 0 --> Getting MAX
Feb 21 16:09:24 samultra NORM[10471]: Process 4 --> Getting MAX
Feb 21 16:09:24 samultra NORM - MAX[10464]: Process 0 --> using 2 threads
Feb 21 16:09:24 samultra NORM - MAX[10471]: Process 4 --> using 4 threads
Feb 21 16:09:24 samultra NORM - MAX[10466]: Process 2 --> Thread 0 --> submax: 255
Feb 21 16:09:24 samultra NORM - MAX[10466]: Process 2 --> Thread 1 --> submax: 255
Feb 21 16:09:24 samultra NORM - MAX[10466]: Process 2 --> Thread 2 --> submax: 255
Feb 21 16:09:24 samultra NORM - MAX[10466]: Process 2 --> Thread 3 --> submax: 255
Feb 21 16:09:24 samultra NORM - MAX[10466]: Process 2 --> local_max: 255
Feb 21 16:09:24 samultra NORM - MAX[10467]: Process 3 --> Thread 0 --> submax: 255
Feb 21 16:09:24 samultra NORM - MAX[10467]: Process 3 --> Thread 2 --> submax: 255
Feb 21 16:09:24 samultra NORM - MAX[10467]: Process 3 --> Thread 1 --> submax: 255
Feb 21 16:09:24 samultra NORM - MAX[10471]: Process 4 --> Thread 1 --> submax: 255
Feb 21 16:09:24 samultra NORM - MAX[10464]: Process 0 --> Thread 1 --> submax: 255
Feb 21 16:09:24 samultra NORM - MAX[10471]: Process 4 --> Thread 3 --> submax: 255
Feb 21 16:09:24 samultra NORM - MAX[10464]: Process 0 --> Thread 0 --> submax: 255
Feb 21 16:09:24 samultra NORM - MAX[10464]: Process 0 --> local_max: 255
Feb 21 16:09:24 samultra NORM - MAX[10467]: Process 3 --> Thread 3 --> submax: 255
Feb 21 16:09:24 samultra NORM - MAX[10467]: Process 3 --> local_max: 255
Feb 21 16:09:24 samultra NORM - MAX[10471]: Process 4 --> Thread 2 --> submax: 255
Feb 21 16:09:24 samultra NORM - MAX[10471]: Process 4 --> Thread 0 --> submax: 255
Feb 21 16:09:24 samultra NORM - MAX[10471]: Process 4 --> local_max: 255
Feb 21 16:09:24 samultra NORM - MAX[10471]: Process 4 --> global_max: 255
Feb 21 16:09:24 samultra NORM[10471]: Process 4 --> Getting MIN
Feb 21 16:09:24 samultra NORM - MAX[10466]: Process 2 --> global_max: 255
Feb 21 16:09:24 samultra NORM[10466]: Process 2 --> Getting MIN
Feb 21 16:09:24 samultra NORM - MIN[10471]: Process 4 --> using 4 threads
Feb 21 16:09:24 samultra NORM - MIN[10466]: Process 2 --> using 4 threads
Feb 21 16:09:24 samultra NORM - MAX[10465]: Process 1 --> global_max: 255
Feb 21 16:09:24 samultra NORM - MAX[10467]: Process 3 --> global_max: 255
Feb 21 16:09:24 samultra NORM - MAX[10464]: Process 0 --> global_max: 255
Feb 21 16:09:24 samultra NORM[10467]: Process 3 --> Getting MIN
Feb 21 16:09:24 samultra NORM - MAX[10464]: Process 0 --> Getting MAX: 0.030000s
Feb 21 16:09:24 samultra NORM - MIN[10467]: Process 3 --> using 4 threads
Feb 21 16:09:24 samultra NORM[10465]: Process 1 --> Getting MIN
Feb 21 16:09:24 samultra NORM - MIN[10465]: Process 1 --> using 2 threads
Feb 21 16:09:24 samultra NORM[10464]: Process 0 --> Getting MIN
Feb 21 16:09:24 samultra NORM - MIN[10464]: Process 0 --> using 2 threads
Feb 21 16:09:24 samultra NORM - MIN[10466]: Process 2 --> Thread 1 --> submin: 0
Feb 21 16:09:24 samultra NORM - MIN[10465]: Process 1 --> Thread 0 --> submin: 0
Feb 21 16:09:24 samultra NORM - MIN[10464]: Process 0 --> Thread 1 --> submin: 0
Feb 21 16:09:24 samultra NORM - MIN[10465]: Process 1 --> Thread 1 --> submin: 0
Feb 21 16:09:24 samultra NORM - MIN[10466]: Process 2 --> Thread 2 --> submin: 0
Feb 21 16:09:24 samultra NORM - MIN[10467]: Process 3 --> Thread 1 --> submin: 0
Feb 21 16:09:24 samultra NORM - MIN[10464]: Process 0 --> Thread 0 --> submin: 0
Feb 21 16:09:24 samultra NORM - MIN[10464]: Process 0 --> local_min: 0
Feb 21 16:09:24 samultra NORM - MIN[10465]: Process 1 --> local_min: 0
Feb 21 16:09:24 samultra NORM - MIN[10466]: Process 2 --> Thread 3 --> submin: 0
Feb 21 16:09:24 samultra NORM - MIN[10466]: Process 2 --> Thread 0 --> submin: 0
Feb 21 16:09:24 samultra NORM - MIN[10466]: Process 2 --> local_min: 0
Feb 21 16:09:24 samultra NORM - MIN[10467]: Process 3 --> Thread 0 --> submin: 0
Feb 21 16:09:24 samultra NORM - MIN[10467]: Process 3 --> Thread 3 --> submin: 0
Feb 21 16:09:24 samultra NORM - MIN[10467]: Process 3 --> Thread 2 --> submin: 0
Feb 21 16:09:24 samultra NORM - MIN[10471]: Process 4 --> Thread 2 --> submin: 1
Feb 21 16:09:24 samultra NORM - MIN[10471]: Process 4 --> Thread 1 --> submin: 0
Feb 21 16:09:24 samultra NORM - MIN[10471]: Process 4 --> Thread 0 --> submin: 0
Feb 21 16:09:24 samultra NORM - MIN[10467]: Process 3 --> local_min: 0
Feb 21 16:09:24 samultra NORM - MIN[10471]: Process 4 --> Thread 3 --> submin: 0
Feb 21 16:09:24 samultra NORM - MIN[10471]: Process 4 --> local_min: 0
Feb 21 16:09:24 samultra NORM - MIN[10471]: Process 4 --> global_min: 0
Feb 21 16:09:24 samultra NORM - MIN[10466]: Process 2 --> global_min: 0
Feb 21 16:09:24 samultra NORM[10471]: Process 4 --> Normalizing and Gathering
Feb 21 16:09:24 samultra NORM[10466]: Process 2 --> Normalizing and Gathering
Feb 21 16:09:24 samultra NORM - NORM[10471]: Process 4 --> using 4 threads
Feb 21 16:09:24 samultra NORM - NORM[10466]: Process 2 --> using 4 threads
Feb 21 16:09:24 samultra NORM - MIN[10467]: Process 3 --> global_min: 0
Feb 21 16:09:24 samultra NORM[10467]: Process 3 --> Normalizing and Gathering
Feb 21 16:09:24 samultra NORM - MIN[10464]: Process 0 --> global_min: 0
Feb 21 16:09:24 samultra NORM - NORM[10467]: Process 3 --> using 4 threads
Feb 21 16:09:24 samultra NORM - MIN[10464]: Process 0 --> Getting MIN: 0.070000s
Feb 21 16:09:24 samultra NORM - MIN[10465]: Process 1 --> global_min: 0
Feb 21 16:09:24 samultra NORM[10465]: Process 1 --> Normalizing and Gathering
Feb 21 16:09:24 samultra NORM[10464]: Process 0 --> Normalizing and Gathering
Feb 21 16:09:24 samultra NORM - NORM[10464]: Process 0 --> using 2 threads
Feb 21 16:09:24 samultra NORM - NORM[10465]: Process 1 --> using 2 threads
Feb 21 16:09:24 samultra NORM - NORM[10464]: Process 0 --> Normalizing: 0.070000s
Feb 21 16:09:24 samultra NORM[10464]: Process 0 --> Storing
Feb 21 16:09:29 samultra NORM[10464]: Process 0 --> Storing: 4.100000s
Feb 21 16:09:29 samultra NORM[10464]: Ended
Feb 21 16:10:02 samultra NORM[10517]: Process 0 --> Number of processes: 2
Feb 21 16:10:02 samultra NORM[10517]: Process 0 --> Starting loading
Feb 21 16:10:04 samultra NORM[10517]: Process 0 --> Loading: 2.530000s
Feb 21 16:10:04 samultra NORM - ENV[10517]: Process 0 --> chunk: 5338340
Feb 21 16:10:04 samultra NORM[10517]: Process 0 --> Scattering
Feb 21 16:10:04 samultra NORM - ENV[10518]: Process 1 --> chunk: 5338340
Feb 21 16:10:04 samultra NORM[10518]: Process 1 --> Scattering
Feb 21 16:10:04 samultra NORM[10518]: Process 1 --> Getting MAX
Feb 21 16:10:04 samultra NORM[10517]: Process 0 --> Getting MAX
Feb 21 16:10:04 samultra NORM - MAX[10517]: Process 0 --> using 2 threads
Feb 21 16:10:04 samultra NORM - MAX[10518]: Process 1 --> using 2 threads
Feb 21 16:10:04 samultra NORM - MAX[10518]: Process 1 --> Thread 0 --> submax: 255
Feb 21 16:10:04 samultra NORM - MAX[10518]: Process 1 --> Thread 1 --> submax: 255
Feb 21 16:10:04 samultra NORM - MAX[10518]: Process 1 --> local_max: 255
Feb 21 16:10:04 samultra NORM - MAX[10517]: Process 0 --> Thread 0 --> submax: 255
Feb 21 16:10:04 samultra NORM - MAX[10517]: Process 0 --> Thread 1 --> submax: 255
Feb 21 16:10:04 samultra NORM - MAX[10517]: Process 0 --> local_max: 255
Feb 21 16:10:04 samultra NORM - MAX[10518]: Process 1 --> global_max: 255
Feb 21 16:10:04 samultra NORM - MAX[10517]: Process 0 --> global_max: 255
Feb 21 16:10:04 samultra NORM - MAX[10517]: Process 0 --> Getting MAX: 0.030000s
Feb 21 16:10:04 samultra NORM[10518]: Process 1 --> Getting MIN
Feb 21 16:10:04 samultra NORM - MIN[10518]: Process 1 --> using 2 threads
Feb 21 16:10:04 samultra NORM[10517]: Process 0 --> Getting MIN
Feb 21 16:10:04 samultra NORM - MIN[10517]: Process 0 --> using 2 threads
Feb 21 16:10:04 samultra NORM - MIN[10518]: Process 1 --> Thread 0 --> submin: 0
Feb 21 16:10:04 samultra NORM - MIN[10518]: Process 1 --> Thread 1 --> submin: 0
Feb 21 16:10:04 samultra NORM - MIN[10517]: Process 0 --> Thread 0 --> submin: 0
Feb 21 16:10:04 samultra NORM - MIN[10517]: Process 0 --> Thread 1 --> submin: 0
Feb 21 16:10:04 samultra NORM - MIN[10517]: Process 0 --> local_min: 0
Feb 21 16:10:04 samultra NORM - MIN[10518]: Process 1 --> local_min: 0
Feb 21 16:10:04 samultra NORM - MIN[10517]: Process 0 --> global_min: 0
Feb 21 16:10:04 samultra NORM - MIN[10518]: Process 1 --> global_min: 0
Feb 21 16:10:04 samultra NORM[10518]: Process 1 --> Normalizing and Gathering
Feb 21 16:10:04 samultra NORM - MIN[10517]: Process 0 --> Getting MIN: 0.040000s
Feb 21 16:10:04 samultra NORM - NORM[10518]: Process 1 --> using 2 threads
Feb 21 16:10:04 samultra NORM[10517]: Process 0 --> Normalizing and Gathering
Feb 21 16:10:04 samultra NORM - NORM[10517]: Process 0 --> using 2 threads
Feb 21 16:10:04 samultra NORM - NORM[10517]: Process 0 --> Normalizing: 0.100000s
Feb 21 16:10:04 samultra NORM[10517]: Process 0 --> Storing
Feb 21 16:10:07 samultra NORM[10517]: Process 0 --> Storing: 2.240000s
Feb 21 16:10:07 samultra NORM[10517]: Ended
